Arguments: 
  /Users/indrasantosa/.nvm/versions/node/v12.16.1/bin/node /usr/local/bin/yarn add express pg redis cors nodemon

PATH: 
  /Users/indrasantosa/.nvm/versions/node/v12.16.1/bin:/Users/indrasantosa/.rbenv/shims:/usr/local/Cellar/mongodb-community@4.0/4.0.14/bin:/Applications/Postgres.app/Contents/Versions/11/bin:/Users/indrasantosa/bin:/usr/local/bin:/usr/bin:/bin:/usr/sbin:/sbin:/Users/indrasantosa/.rbenv/shims:/usr/local/Cellar/mongodb-community@4.0/4.0.14/bin:/Applications/Postgres.app/Contents/Versions/11/bin:/Users/indrasantosa/bin

Yarn version: 
  1.19.0

Node version: 
  12.16.1

Platform: 
  darwin x64

Trace: 
  SyntaxError: /Users/indrasantosa/projects/multi-container-app/server/package.json: Unexpected end of JSON input
      at JSON.parse (<anonymous>)
      at /usr/local/lib/node_modules/yarn/lib/cli.js:1625:59
      at Generator.next (<anonymous>)
      at step (/usr/local/lib/node_modules/yarn/lib/cli.js:304:30)
      at /usr/local/lib/node_modules/yarn/lib/cli.js:315:13

npm manifest: 
  

yarn manifest: 
  No manifest

Lockfile: 
  No lockfile
